2025-05-08 15:43:15,354 - WARNING -  * Debugger is active!
2025-05-08 15:43:15,365 - INFO -  * Debugger PIN: 687-002-165
2025-05-08 15:43:15,371 - WARNING -  * Debugger is active!
2025-05-08 15:43:15,379 - INFO -  * Debugger PIN: 687-002-165
2025-05-08 15:43:15,498 - WARNING -  * Debugger is active!
2025-05-08 15:43:15,504 - WARNING -  * Debugger is active!
2025-05-08 15:43:15,504 - INFO -  * Debugger PIN: 687-002-165
2025-05-08 15:43:15,509 - INFO -  * Debugger PIN: 687-002-165
2025-05-08 15:43:15,653 - WARNING -  * Debugger is active!
2025-05-08 15:43:15,665 - INFO -  * Debugger PIN: 687-002-165
2025-05-08 15:43:15,697 - WARNING -  * Debugger is active!
2025-05-08 15:43:15,704 - INFO -  * Debugger PIN: 687-002-165
2025-05-08 15:43:15,824 - WARNING -  * Debugger is active!
2025-05-08 15:43:15,824 - INFO -  * Debugger PIN: 687-002-165
2025-05-08 15:46:47,072 - INFO -  * Detected change in 'C:\\Users\\Administrator\\AppData\\Local\\Programs\\Python\\Python312\\Lib\\pathlib.py', reloading
2025-05-08 15:46:47,072 - INFO -  * Detected change in 'C:\\Users\\Administrator\\AppData\\Local\\Programs\\Python\\Python312\\Lib\\pathlib.py', reloading
2025-05-08 15:46:47,072 - INFO -  * Detected change in 'C:\\Users\\Administrator\\AppData\\Local\\Programs\\Python\\Python312\\Lib\\pathlib.py', reloading
2025-05-08 15:46:47,072 - INFO -  * Detected change in 'C:\\Users\\Administrator\\AppData\\Local\\Programs\\Python\\Python312\\Lib\\pathlib.py', reloading
2025-05-08 15:46:50,196 - WARNING -  * Debugger is active!
2025-05-08 15:46:50,206 - INFO -  * Debugger PIN: 687-002-165
2025-05-08 15:46:50,282 - WARNING -  * Debugger is active!
2025-05-08 15:46:50,293 - INFO -  * Debugger PIN: 687-002-165
2025-05-08 15:46:50,320 - WARNING -  * Debugger is active!
2025-05-08 15:46:50,330 - INFO -  * Debugger PIN: 687-002-165
2025-05-08 15:46:50,408 - WARNING -  * Debugger is active!
2025-05-08 15:46:50,421 - INFO -  * Debugger PIN: 687-002-165
2025-05-08 15:46:50,425 - WARNING -  * Debugger is active!
2025-05-08 15:46:50,435 - INFO -  * Debugger PIN: 687-002-165
2025-05-08 15:46:50,442 - WARNING -  * Debugger is active!
2025-05-08 15:46:50,451 - INFO -  * Debugger PIN: 687-002-165
2025-05-08 15:46:50,461 - WARNING -  * Debugger is active!
2025-05-08 15:46:50,469 - INFO -  * Debugger PIN: 687-002-165
2025-05-08 15:54:07,254 - INFO -  * Detected change in 'C:\\Users\\Administrator\\AppData\\Roaming\\Cursor\\Local Storage\\leveldb\\sentiment_analyzer.py', reloading
2025-05-08 15:54:07,254 - INFO -  * Detected change in 'C:\\Users\\Administrator\\AppData\\Roaming\\Cursor\\Local Storage\\leveldb\\sentiment_analyzer.py', reloading
2025-05-08 15:54:07,254 - INFO -  * Detected change in 'C:\\Users\\Administrator\\AppData\\Roaming\\Cursor\\Local Storage\\leveldb\\sentiment_analyzer.py', reloading
2025-05-08 15:54:07,254 - INFO -  * Detected change in 'C:\\Users\\Administrator\\AppData\\Roaming\\Cursor\\Local Storage\\leveldb\\sentiment_analyzer.py', reloading
2025-05-08 15:54:07,254 - INFO -  * Detected change in 'C:\\Users\\Administrator\\AppData\\Roaming\\Cursor\\Local Storage\\leveldb\\sentiment_analyzer.py', reloading
2025-05-08 15:54:07,255 - INFO -  * Detected change in 'C:\\Users\\Administrator\\AppData\\Roaming\\Cursor\\Local Storage\\leveldb\\sentiment_analyzer.py', reloading
2025-05-08 15:54:07,255 - INFO -  * Detected change in 'C:\\Users\\Administrator\\AppData\\Roaming\\Cursor\\Local Storage\\leveldb\\sentiment_analyzer.py', reloading
2025-05-08 15:54:07,255 - INFO -  * Detected change in 'C:\\Users\\Administrator\\AppData\\Roaming\\Cursor\\Local Storage\\leveldb\\sentiment_analyzer.py', reloading
2025-05-08 15:54:07,256 - INFO -  * Detected change in 'C:\\Users\\Administrator\\AppData\\Roaming\\Cursor\\Local Storage\\leveldb\\sentiment_analyzer.py', reloading
2025-05-08 15:54:07,256 - INFO -  * Detected change in 'C:\\Users\\Administrator\\AppData\\Roaming\\Cursor\\Local Storage\\leveldb\\sentiment_analyzer.py', reloading
2025-05-08 15:54:07,258 - INFO -  * Detected change in 'C:\\Users\\Administrator\\AppData\\Roaming\\Cursor\\Local Storage\\leveldb\\sentiment_analyzer.py', reloading
2025-05-08 15:54:07,260 - INFO -  * Detected change in 'C:\\Users\\Administrator\\AppData\\Roaming\\Cursor\\Local Storage\\leveldb\\sentiment_analyzer.py', reloading
2025-05-08 15:54:07,260 - INFO -  * Detected change in 'C:\\Users\\Administrator\\AppData\\Roaming\\Cursor\\Local Storage\\leveldb\\sentiment_analyzer.py', reloading
2025-05-08 15:54:07,256 - INFO -  * Detected change in 'C:\\Users\\Administrator\\AppData\\Roaming\\Cursor\\Local Storage\\leveldb\\sentiment_analyzer.py', reloading
2025-05-08 15:54:07,261 - INFO -  * Detected change in 'C:\\Users\\Administrator\\AppData\\Roaming\\Cursor\\Local Storage\\leveldb\\sentiment_analyzer.py', reloading
2025-05-08 15:54:11,590 - WARNING -  * Debugger is active!
2025-05-08 15:54:11,601 - INFO -  * Debugger PIN: 687-002-165
2025-05-08 15:54:11,891 - WARNING -  * Debugger is active!
2025-05-08 15:54:11,899 - INFO -  * Debugger PIN: 687-002-165
2025-05-08 15:54:11,905 - WARNING -  * Debugger is active!
2025-05-08 15:54:11,916 - INFO -  * Debugger PIN: 687-002-165
2025-05-08 15:54:11,976 - WARNING -  * Debugger is active!
2025-05-08 15:54:11,987 - INFO -  * Debugger PIN: 687-002-165
2025-05-08 15:54:12,047 - WARNING -  * Debugger is active!
2025-05-08 15:54:12,050 - INFO -  * Debugger PIN: 687-002-165
2025-05-08 15:54:12,159 - WARNING -  * Debugger is active!
2025-05-08 15:54:12,169 - INFO -  * Debugger PIN: 687-002-165
2025-05-08 15:54:12,399 - WARNING -  * Debugger is active!
2025-05-08 15:54:12,405 - INFO -  * Debugger PIN: 687-002-165
2025-05-08 15:54:12,602 - INFO -  * Detected change in 'C:\\Users\\Administrator\\AppData\\Local\\Programs\\Python\\Python312\\Lib\\re\\__init__.py', reloading
2025-05-08 15:54:12,602 - INFO -  * Detected change in 'C:\\Users\\Administrator\\AppData\\Local\\Programs\\Python\\Python312\\Lib\\re\\__init__.py', reloading
2025-05-08 15:54:12,602 - INFO -  * Detected change in 'C:\\Users\\Administrator\\AppData\\Local\\Programs\\Python\\Python312\\Lib\\re\\__init__.py', reloading
2025-05-08 15:54:12,603 - INFO -  * Detected change in 'C:\\Users\\Administrator\\AppData\\Local\\Programs\\Python\\Python312\\Lib\\re\\__init__.py', reloading
2025-05-08 15:54:12,603 - INFO -  * Detected change in 'C:\\Users\\Administrator\\AppData\\Local\\Programs\\Python\\Python312\\Lib\\re\\__init__.py', reloading
2025-05-08 15:54:12,604 - INFO -  * Detected change in 'C:\\Users\\Administrator\\AppData\\Local\\Programs\\Python\\Python312\\Lib\\re\\__init__.py', reloading
2025-05-08 15:54:12,614 - INFO -  * Detected change in 'C:\\Users\\Administrator\\AppData\\Local\\Programs\\Python\\Python312\\Lib\\site-packages\\nltk\\__init__.py', reloading
2025-05-08 15:54:12,614 - INFO -  * Detected change in 'C:\\Users\\Administrator\\AppData\\Local\\Programs\\Python\\Python312\\Lib\\site-packages\\nltk\\__init__.py', reloading
2025-05-08 15:54:12,615 - INFO -  * Detected change in 'C:\\Users\\Administrator\\AppData\\Local\\Programs\\Python\\Python312\\Lib\\site-packages\\nltk\\__init__.py', reloading
2025-05-08 15:54:12,615 - INFO -  * Detected change in 'C:\\Users\\Administrator\\AppData\\Local\\Programs\\Python\\Python312\\Lib\\site-packages\\nltk\\__init__.py', reloading
2025-05-08 15:54:12,615 - INFO -  * Detected change in 'C:\\Users\\Administrator\\AppData\\Local\\Programs\\Python\\Python312\\Lib\\site-packages\\nltk\\__init__.py', reloading
2025-05-08 15:54:12,694 - INFO -  * Detected change in 'C:\\Users\\Administrator\\AppData\\Local\\Programs\\Python\\Python312\\Lib\\site-packages\\nltk\\collocations.py', reloading
2025-05-08 15:54:12,694 - INFO -  * Detected change in 'C:\\Users\\Administrator\\AppData\\Local\\Programs\\Python\\Python312\\Lib\\site-packages\\nltk\\collocations.py', reloading
2025-05-08 15:54:12,694 - INFO -  * Detected change in 'C:\\Users\\Administrator\\AppData\\Local\\Programs\\Python\\Python312\\Lib\\site-packages\\nltk\\collocations.py', reloading
2025-05-08 15:54:12,694 - INFO -  * Detected change in 'C:\\Users\\Administrator\\AppData\\Local\\Programs\\Python\\Python312\\Lib\\site-packages\\nltk\\collocations.py', reloading
2025-05-08 15:54:12,694 - INFO -  * Detected change in 'C:\\Users\\Administrator\\AppData\\Local\\Programs\\Python\\Python312\\Lib\\site-packages\\nltk\\collocations.py', reloading
2025-05-08 15:54:12,695 - INFO -  * Detected change in 'C:\\Users\\Administrator\\AppData\\Local\\Programs\\Python\\Python312\\Lib\\site-packages\\nltk\\collocations.py', reloading
2025-05-08 15:54:12,729 - INFO -  * Detected change in 'C:\\Users\\Administrator\\AppData\\Local\\Programs\\Python\\Python312\\Lib\\site-packages\\nltk\\featstruct.py', reloading
2025-05-08 15:54:12,729 - INFO -  * Detected change in 'C:\\Users\\Administrator\\AppData\\Local\\Programs\\Python\\Python312\\Lib\\site-packages\\nltk\\featstruct.py', reloading
2025-05-08 15:54:12,729 - INFO -  * Detected change in 'C:\\Users\\Administrator\\AppData\\Local\\Programs\\Python\\Python312\\Lib\\site-packages\\nltk\\featstruct.py', reloading
2025-05-08 15:54:12,729 - INFO -  * Detected change in 'C:\\Users\\Administrator\\AppData\\Local\\Programs\\Python\\Python312\\Lib\\site-packages\\nltk\\featstruct.py', reloading
2025-05-08 15:54:12,781 - INFO -  * Detected change in 'C:\\Users\\Administrator\\AppData\\Local\\Programs\\Python\\Python312\\Lib\\site-packages\\nltk\\grammar.py', reloading
2025-05-08 15:54:12,782 - INFO -  * Detected change in 'C:\\Users\\Administrator\\AppData\\Local\\Programs\\Python\\Python312\\Lib\\site-packages\\nltk\\grammar.py', reloading
2025-05-08 15:54:12,782 - INFO -  * Detected change in 'C:\\Users\\Administrator\\AppData\\Local\\Programs\\Python\\Python312\\Lib\\site-packages\\nltk\\grammar.py', reloading
2025-05-08 15:54:12,782 - INFO -  * Detected change in 'C:\\Users\\Administrator\\AppData\\Local\\Programs\\Python\\Python312\\Lib\\site-packages\\nltk\\grammar.py', reloading
2025-05-08 15:54:12,782 - INFO -  * Detected change in 'C:\\Users\\Administrator\\AppData\\Local\\Programs\\Python\\Python312\\Lib\\site-packages\\nltk\\grammar.py', reloading
2025-05-08 15:54:12,782 - INFO -  * Detected change in 'C:\\Users\\Administrator\\AppData\\Local\\Programs\\Python\\Python312\\Lib\\site-packages\\nltk\\grammar.py', reloading
2025-05-08 15:54:12,826 - INFO -  * Detected change in 'C:\\Users\\Administrator\\AppData\\Local\\Programs\\Python\\Python312\\Lib\\site-packages\\nltk\\probability.py', reloading
2025-05-08 15:54:12,826 - INFO -  * Detected change in 'C:\\Users\\Administrator\\AppData\\Local\\Programs\\Python\\Python312\\Lib\\site-packages\\nltk\\probability.py', reloading
2025-05-08 15:54:12,827 - INFO -  * Detected change in 'C:\\Users\\Administrator\\AppData\\Local\\Programs\\Python\\Python312\\Lib\\site-packages\\nltk\\probability.py', reloading
2025-05-08 15:54:12,827 - INFO -  * Detected change in 'C:\\Users\\Administrator\\AppData\\Local\\Programs\\Python\\Python312\\Lib\\site-packages\\nltk\\probability.py', reloading
2025-05-08 15:54:12,827 - INFO -  * Detected change in 'C:\\Users\\Administrator\\AppData\\Local\\Programs\\Python\\Python312\\Lib\\site-packages\\nltk\\probability.py', reloading
2025-05-08 15:54:12,828 - INFO -  * Detected change in 'C:\\Users\\Administrator\\AppData\\Local\\Programs\\Python\\Python312\\Lib\\site-packages\\nltk\\probability.py', reloading
2025-05-08 15:54:12,883 - INFO -  * Detected change in 'C:\\Users\\Administrator\\AppData\\Local\\Programs\\Python\\Python312\\Lib\\site-packages\\nltk\\text.py', reloading
2025-05-08 15:54:12,883 - INFO -  * Detected change in 'C:\\Users\\Administrator\\AppData\\Local\\Programs\\Python\\Python312\\Lib\\site-packages\\nltk\\text.py', reloading
2025-05-08 15:54:12,883 - INFO -  * Detected change in 'C:\\Users\\Administrator\\AppData\\Local\\Programs\\Python\\Python312\\Lib\\site-packages\\nltk\\text.py', reloading
2025-05-08 15:54:12,884 - INFO -  * Detected change in 'C:\\Users\\Administrator\\AppData\\Local\\Programs\\Python\\Python312\\Lib\\site-packages\\nltk\\text.py', reloading
2025-05-08 15:54:12,884 - INFO -  * Detected change in 'C:\\Users\\Administrator\\AppData\\Local\\Programs\\Python\\Python312\\Lib\\site-packages\\nltk\\text.py', reloading
2025-05-08 15:54:12,919 - INFO -  * Detected change in 'C:\\Users\\Administrator\\AppData\\Local\\Programs\\Python\\Python312\\Lib\\site-packages\\nltk\\util.py', reloading
2025-05-08 15:54:12,919 - INFO -  * Detected change in 'C:\\Users\\Administrator\\AppData\\Local\\Programs\\Python\\Python312\\Lib\\site-packages\\nltk\\util.py', reloading
2025-05-08 15:54:12,919 - INFO -  * Detected change in 'C:\\Users\\Administrator\\AppData\\Local\\Programs\\Python\\Python312\\Lib\\site-packages\\nltk\\util.py', reloading
2025-05-08 15:54:12,920 - INFO -  * Detected change in 'C:\\Users\\Administrator\\AppData\\Local\\Programs\\Python\\Python312\\Lib\\site-packages\\nltk\\util.py', reloading
2025-05-08 15:54:12,920 - INFO -  * Detected change in 'C:\\Users\\Administrator\\AppData\\Local\\Programs\\Python\\Python312\\Lib\\site-packages\\nltk\\util.py', reloading
2025-05-08 15:54:12,921 - INFO -  * Detected change in 'C:\\Users\\Administrator\\AppData\\Local\\Programs\\Python\\Python312\\Lib\\site-packages\\nltk\\util.py', reloading
2025-05-08 15:54:12,948 - INFO -  * Detected change in 'C:\\Users\\Administrator\\AppData\\Local\\Programs\\Python\\Python312\\Lib\\site-packages\\nltk\\collections.py', reloading
2025-05-08 15:54:12,948 - INFO -  * Detected change in 'C:\\Users\\Administrator\\AppData\\Local\\Programs\\Python\\Python312\\Lib\\site-packages\\nltk\\collections.py', reloading
2025-05-08 15:54:12,948 - INFO -  * Detected change in 'C:\\Users\\Administrator\\AppData\\Local\\Programs\\Python\\Python312\\Lib\\site-packages\\nltk\\collections.py', reloading
2025-05-08 15:54:12,950 - INFO -  * Detected change in 'C:\\Users\\Administrator\\AppData\\Local\\Programs\\Python\\Python312\\Lib\\site-packages\\nltk\\collections.py', reloading
2025-05-08 15:54:12,950 - INFO -  * Detected change in 'C:\\Users\\Administrator\\AppData\\Local\\Programs\\Python\\Python312\\Lib\\site-packages\\nltk\\collections.py', reloading
2025-05-08 15:54:12,950 - INFO -  * Detected change in 'C:\\Users\\Administrator\\AppData\\Local\\Programs\\Python\\Python312\\Lib\\site-packages\\nltk\\collections.py', reloading
2025-05-08 15:54:12,976 - INFO -  * Detected change in 'C:\\Users\\Administrator\\AppData\\Local\\Programs\\Python\\Python312\\Lib\\site-packages\\nltk\\jsontags.py', reloading
2025-05-08 15:54:12,976 - INFO -  * Detected change in 'C:\\Users\\Administrator\\AppData\\Local\\Programs\\Python\\Python312\\Lib\\site-packages\\nltk\\jsontags.py', reloading
2025-05-08 15:54:12,976 - INFO -  * Detected change in 'C:\\Users\\Administrator\\AppData\\Local\\Programs\\Python\\Python312\\Lib\\site-packages\\nltk\\jsontags.py', reloading
2025-05-08 15:54:12,976 - INFO -  * Detected change in 'C:\\Users\\Administrator\\AppData\\Local\\Programs\\Python\\Python312\\Lib\\site-packages\\nltk\\jsontags.py', reloading
2025-05-08 15:54:12,977 - INFO -  * Detected change in 'C:\\Users\\Administrator\\AppData\\Local\\Programs\\Python\\Python312\\Lib\\site-packages\\nltk\\jsontags.py', reloading
2025-05-08 15:54:12,977 - INFO -  * Detected change in 'C:\\Users\\Administrator\\AppData\\Local\\Programs\\Python\\Python312\\Lib\\site-packages\\nltk\\jsontags.py', reloading
2025-05-08 15:54:13,025 - INFO -  * Detected change in 'C:\\Users\\Administrator\\AppData\\Local\\Programs\\Python\\Python312\\Lib\\site-packages\\nltk\\chunk\\__init__.py', reloading
2025-05-08 15:54:13,025 - INFO -  * Detected change in 'C:\\Users\\Administrator\\AppData\\Local\\Programs\\Python\\Python312\\Lib\\site-packages\\nltk\\chunk\\__init__.py', reloading
2025-05-08 15:54:13,025 - INFO -  * Detected change in 'C:\\Users\\Administrator\\AppData\\Local\\Programs\\Python\\Python312\\Lib\\site-packages\\nltk\\chunk\\__init__.py', reloading
2025-05-08 15:54:13,044 - INFO -  * Detected change in 'C:\\Users\\Administrator\\AppData\\Local\\Programs\\Python\\Python312\\Lib\\site-packages\\nltk\\classify\\__init__.py', reloading
2025-05-08 15:54:13,044 - INFO -  * Detected change in 'C:\\Users\\Administrator\\AppData\\Local\\Programs\\Python\\Python312\\Lib\\site-packages\\nltk\\classify\\__init__.py', reloading
2025-05-08 15:54:13,044 - INFO -  * Detected change in 'C:\\Users\\Administrator\\AppData\\Local\\Programs\\Python\\Python312\\Lib\\site-packages\\nltk\\classify\\__init__.py', reloading
2025-05-08 15:54:13,044 - INFO -  * Detected change in 'C:\\Users\\Administrator\\AppData\\Local\\Programs\\Python\\Python312\\Lib\\site-packages\\nltk\\classify\\__init__.py', reloading
2025-05-08 15:54:13,086 - INFO -  * Detected change in 'C:\\Users\\Administrator\\AppData\\Local\\Programs\\Python\\Python312\\Lib\\site-packages\\nltk\\inference\\__init__.py', reloading
2025-05-08 15:54:13,086 - INFO -  * Detected change in 'C:\\Users\\Administrator\\AppData\\Local\\Programs\\Python\\Python312\\Lib\\site-packages\\nltk\\inference\\__init__.py', reloading
2025-05-08 15:54:13,087 - INFO -  * Detected change in 'C:\\Users\\Administrator\\AppData\\Local\\Programs\\Python\\Python312\\Lib\\site-packages\\nltk\\inference\\__init__.py', reloading
2025-05-08 15:54:13,087 - INFO -  * Detected change in 'C:\\Users\\Administrator\\AppData\\Local\\Programs\\Python\\Python312\\Lib\\site-packages\\nltk\\inference\\__init__.py', reloading
2025-05-08 15:54:13,122 - INFO -  * Detected change in 'C:\\Users\\Administrator\\AppData\\Local\\Programs\\Python\\Python312\\Lib\\site-packages\\nltk\\metrics\\__init__.py', reloading
2025-05-08 15:54:13,123 - INFO -  * Detected change in 'C:\\Users\\Administrator\\AppData\\Local\\Programs\\Python\\Python312\\Lib\\site-packages\\nltk\\metrics\\__init__.py', reloading
2025-05-08 15:54:13,123 - INFO -  * Detected change in 'C:\\Users\\Administrator\\AppData\\Local\\Programs\\Python\\Python312\\Lib\\site-packages\\nltk\\metrics\\__init__.py', reloading
2025-05-08 15:54:13,188 - INFO -  * Detected change in 'C:\\Users\\Administrator\\AppData\\Local\\Programs\\Python\\Python312\\Lib\\site-packages\\nltk\\parse\\__init__.py', reloading
2025-05-08 15:54:13,189 - INFO -  * Detected change in 'C:\\Users\\Administrator\\AppData\\Local\\Programs\\Python\\Python312\\Lib\\site-packages\\nltk\\parse\\__init__.py', reloading
2025-05-08 15:54:13,266 - INFO -  * Detected change in 'C:\\Users\\Administrator\\AppData\\Local\\Programs\\Python\\Python312\\Lib\\site-packages\\nltk\\tag\\__init__.py', reloading
2025-05-08 15:54:13,267 - INFO -  * Detected change in 'C:\\Users\\Administrator\\AppData\\Local\\Programs\\Python\\Python312\\Lib\\site-packages\\nltk\\tag\\__init__.py', reloading
2025-05-08 15:54:13,516 - INFO -  * Detected change in 'C:\\Users\\Administrator\\AppData\\Local\\Programs\\Python\\Python312\\Lib\\site-packages\\nltk\\tokenize\\__init__.py', reloading
2025-05-08 15:54:17,827 - WARNING -  * Debugger is active!
2025-05-08 15:54:17,843 - INFO -  * Debugger PIN: 687-002-165
2025-05-08 15:54:17,988 - WARNING -  * Debugger is active!
2025-05-08 15:54:18,000 - INFO -  * Debugger PIN: 687-002-165
2025-05-08 15:54:18,152 - WARNING -  * Debugger is active!
2025-05-08 15:54:18,172 - INFO -  * Debugger PIN: 687-002-165
2025-05-08 15:54:18,179 - WARNING -  * Debugger is active!
2025-05-08 15:54:18,191 - INFO -  * Debugger PIN: 687-002-165
2025-05-08 15:54:18,297 - WARNING -  * Debugger is active!
2025-05-08 15:54:18,301 - INFO -  * Debugger PIN: 687-002-165
2025-05-08 15:54:18,350 - WARNING -  * Debugger is active!
2025-05-08 15:54:18,364 - INFO -  * Debugger PIN: 687-002-165
2025-05-08 15:54:18,615 - WARNING -  * Debugger is active!
2025-05-08 15:54:18,626 - INFO -  * Debugger PIN: 687-002-165
2025-05-08 15:54:18,738 - INFO -  * Detected change in 'C:\\Users\\Administrator\\AppData\\Local\\Programs\\Python\\Python312\\Lib\\site-packages\\nltk\\sem\\logic.py', reloading
2025-05-08 15:54:18,739 - INFO -  * Detected change in 'C:\\Users\\Administrator\\AppData\\Local\\Programs\\Python\\Python312\\Lib\\site-packages\\nltk\\sem\\logic.py', reloading
2025-05-08 15:54:18,739 - INFO -  * Detected change in 'C:\\Users\\Administrator\\AppData\\Local\\Programs\\Python\\Python312\\Lib\\site-packages\\nltk\\sem\\logic.py', reloading
2025-05-08 15:54:18,829 - INFO -  * Detected change in 'C:\\Users\\Administrator\\AppData\\Local\\Programs\\Python\\Python312\\Lib\\site-packages\\nltk\\internals.py', reloading
2025-05-08 15:54:18,829 - INFO -  * Detected change in 'C:\\Users\\Administrator\\AppData\\Local\\Programs\\Python\\Python312\\Lib\\site-packages\\nltk\\internals.py', reloading
2025-05-08 15:54:18,829 - INFO -  * Detected change in 'C:\\Users\\Administrator\\AppData\\Local\\Programs\\Python\\Python312\\Lib\\site-packages\\nltk\\internals.py', reloading
2025-05-08 15:54:18,829 - INFO -  * Detected change in 'C:\\Users\\Administrator\\AppData\\Local\\Programs\\Python\\Python312\\Lib\\site-packages\\nltk\\internals.py', reloading
2025-05-08 15:54:18,829 - INFO -  * Detected change in 'C:\\Users\\Administrator\\AppData\\Local\\Programs\\Python\\Python312\\Lib\\site-packages\\nltk\\internals.py', reloading
2025-05-08 15:54:18,829 - INFO -  * Detected change in 'C:\\Users\\Administrator\\AppData\\Local\\Programs\\Python\\Python312\\Lib\\site-packages\\nltk\\internals.py', reloading
2025-05-08 15:54:18,829 - INFO -  * Detected change in 'C:\\Users\\Administrator\\AppData\\Local\\Programs\\Python\\Python312\\Lib\\site-packages\\nltk\\internals.py', reloading
2025-05-08 15:54:18,990 - INFO -  * Detected change in 'C:\\Users\\Administrator\\AppData\\Local\\Programs\\Python\\Python312\\Lib\\site-packages\\nltk\\sem\\evaluate.py', reloading
2025-05-08 15:54:18,990 - INFO -  * Detected change in 'C:\\Users\\Administrator\\AppData\\Local\\Programs\\Python\\Python312\\Lib\\site-packages\\nltk\\sem\\evaluate.py', reloading
2025-05-08 15:54:18,990 - INFO -  * Detected change in 'C:\\Users\\Administrator\\AppData\\Local\\Programs\\Python\\Python312\\Lib\\site-packages\\nltk\\sem\\evaluate.py', reloading
2025-05-08 15:54:18,991 - INFO -  * Detected change in 'C:\\Users\\Administrator\\AppData\\Local\\Programs\\Python\\Python312\\Lib\\site-packages\\nltk\\sem\\evaluate.py', reloading
2025-05-08 15:54:18,991 - INFO -  * Detected change in 'C:\\Users\\Administrator\\AppData\\Local\\Programs\\Python\\Python312\\Lib\\site-packages\\nltk\\sem\\evaluate.py', reloading
2025-05-08 15:54:19,207 - INFO -  * Detected change in 'C:\\Users\\Administrator\\AppData\\Local\\Programs\\Python\\Python312\\Lib\\site-packages\\nltk\\tokenize\\destructive.py', reloading
2025-05-08 15:54:19,208 - INFO -  * Detected change in 'C:\\Users\\Administrator\\AppData\\Local\\Programs\\Python\\Python312\\Lib\\site-packages\\nltk\\tokenize\\destructive.py', reloading
2025-05-08 15:54:19,208 - INFO -  * Detected change in 'C:\\Users\\Administrator\\AppData\\Local\\Programs\\Python\\Python312\\Lib\\site-packages\\nltk\\tokenize\\destructive.py', reloading
2025-05-08 15:54:19,209 - INFO -  * Detected change in 'C:\\Users\\Administrator\\AppData\\Local\\Programs\\Python\\Python312\\Lib\\site-packages\\nltk\\tokenize\\destructive.py', reloading
2025-05-08 15:54:22,629 - WARNING -  * Debugger is active!
2025-05-08 15:54:22,631 - INFO -  * Debugger PIN: 687-002-165
2025-05-08 15:54:22,638 - WARNING -  * Debugger is active!
2025-05-08 15:54:22,644 - INFO -  * Debugger PIN: 687-002-165
2025-05-08 15:54:23,000 - WARNING -  * Debugger is active!
2025-05-08 15:54:23,003 - INFO -  * Debugger PIN: 687-002-165
2025-05-08 15:54:23,005 - WARNING -  * Debugger is active!
2025-05-08 15:54:23,009 - INFO -  * Debugger PIN: 687-002-165
2025-05-08 15:54:23,089 - WARNING -  * Debugger is active!
2025-05-08 15:54:23,093 - INFO -  * Debugger PIN: 687-002-165
2025-05-08 15:54:23,122 - WARNING -  * Debugger is active!
2025-05-08 15:54:23,125 - INFO -  * Debugger PIN: 687-002-165
2025-05-08 15:54:23,191 - WARNING -  * Debugger is active!
2025-05-08 15:54:23,196 - INFO -  * Debugger PIN: 687-002-165
2025-05-08 15:59:13,606 - INFO -  * Detected change in 'C:\\Users\\Administrator\\AppData\\Roaming\\Cursor\\Local Storage\\leveldb\\trends_analyzer.py', reloading
2025-05-08 15:59:13,606 - INFO -  * Detected change in 'C:\\Users\\Administrator\\AppData\\Roaming\\Cursor\\Local Storage\\leveldb\\trends_analyzer.py', reloading
2025-05-08 15:59:13,607 - INFO -  * Detected change in 'C:\\Users\\Administrator\\AppData\\Roaming\\Cursor\\Local Storage\\leveldb\\trends_analyzer.py', reloading
2025-05-08 15:59:13,607 - INFO -  * Detected change in 'C:\\Users\\Administrator\\AppData\\Roaming\\Cursor\\Local Storage\\leveldb\\trends_analyzer.py', reloading
2025-05-08 15:59:13,607 - INFO -  * Detected change in 'C:\\Users\\Administrator\\AppData\\Roaming\\Cursor\\Local Storage\\leveldb\\trends_analyzer.py', reloading
2025-05-08 15:59:13,610 - INFO -  * Detected change in 'C:\\Users\\Administrator\\AppData\\Roaming\\Cursor\\Local Storage\\leveldb\\trends_analyzer.py', reloading
2025-05-08 15:59:13,611 - INFO -  * Detected change in 'C:\\Users\\Administrator\\AppData\\Roaming\\Cursor\\Local Storage\\leveldb\\trends_analyzer.py', reloading
2025-05-08 15:59:13,611 - INFO -  * Detected change in 'C:\\Users\\Administrator\\AppData\\Roaming\\Cursor\\Local Storage\\leveldb\\trends_analyzer.py', reloading
2025-05-08 15:59:13,611 - INFO -  * Detected change in 'C:\\Users\\Administrator\\AppData\\Roaming\\Cursor\\Local Storage\\leveldb\\trends_analyzer.py', reloading
2025-05-08 15:59:13,613 - INFO -  * Detected change in 'C:\\Users\\Administrator\\AppData\\Roaming\\Cursor\\Local Storage\\leveldb\\trends_analyzer.py', reloading
2025-05-08 15:59:13,614 - INFO -  * Detected change in 'C:\\Users\\Administrator\\AppData\\Roaming\\Cursor\\Local Storage\\leveldb\\trends_analyzer.py', reloading
2025-05-08 15:59:16,538 - WARNING -  * Debugger is active!
2025-05-08 15:59:16,548 - INFO -  * Debugger PIN: 687-002-165
2025-05-08 15:59:16,752 - WARNING -  * Debugger is active!
2025-05-08 15:59:16,763 - INFO -  * Debugger PIN: 687-002-165
2025-05-08 15:59:17,037 - WARNING -  * Debugger is active!
2025-05-08 15:59:17,049 - INFO -  * Debugger PIN: 687-002-165
2025-05-08 15:59:17,096 - WARNING -  * Debugger is active!
2025-05-08 15:59:17,108 - INFO -  * Debugger PIN: 687-002-165
2025-05-08 15:59:17,166 - WARNING -  * Debugger is active!
2025-05-08 15:59:17,178 - INFO -  * Debugger PIN: 687-002-165
2025-05-08 15:59:17,232 - WARNING -  * Debugger is active!
2025-05-08 15:59:17,240 - INFO -  * Debugger PIN: 687-002-165
2025-05-08 15:59:17,314 - WARNING -  * Debugger is active!
2025-05-08 15:59:17,321 - INFO -  * Debugger PIN: 687-002-165
2025-05-08 15:59:18,955 - INFO -  * Detected change in 'C:\\Users\\Administrator\\AppData\\Roaming\\Cursor\\Local Storage\\leveldb\\trends_analyzer.py', reloading
2025-05-08 15:59:18,955 - INFO -  * Detected change in 'C:\\Users\\Administrator\\AppData\\Roaming\\Cursor\\Local Storage\\leveldb\\trends_analyzer.py', reloading
2025-05-08 15:59:18,955 - INFO -  * Detected change in 'C:\\Users\\Administrator\\AppData\\Roaming\\Cursor\\Local Storage\\leveldb\\trends_analyzer.py', reloading
2025-05-08 15:59:18,955 - INFO -  * Detected change in 'C:\\Users\\Administrator\\AppData\\Roaming\\Cursor\\Local Storage\\leveldb\\trends_analyzer.py', reloading
2025-05-08 15:59:18,955 - INFO -  * Detected change in 'C:\\Users\\Administrator\\AppData\\Roaming\\Cursor\\Local Storage\\leveldb\\trends_analyzer.py', reloading
2025-05-08 15:59:18,955 - INFO -  * Detected change in 'C:\\Users\\Administrator\\AppData\\Roaming\\Cursor\\Local Storage\\leveldb\\trends_analyzer.py', reloading
2025-05-08 15:59:18,957 - INFO -  * Detected change in 'C:\\Users\\Administrator\\AppData\\Roaming\\Cursor\\Local Storage\\leveldb\\trends_analyzer.py', reloading
2025-05-08 15:59:18,957 - INFO -  * Detected change in 'C:\\Users\\Administrator\\AppData\\Roaming\\Cursor\\Local Storage\\leveldb\\trends_analyzer.py', reloading
2025-05-08 15:59:18,957 - INFO -  * Detected change in 'C:\\Users\\Administrator\\AppData\\Roaming\\Cursor\\Local Storage\\leveldb\\trends_analyzer.py', reloading
2025-05-08 15:59:18,957 - INFO -  * Detected change in 'C:\\Users\\Administrator\\AppData\\Roaming\\Cursor\\Local Storage\\leveldb\\trends_analyzer.py', reloading
2025-05-08 15:59:18,961 - INFO -  * Detected change in 'C:\\Users\\Administrator\\AppData\\Roaming\\Cursor\\Local Storage\\leveldb\\trends_analyzer.py', reloading
2025-05-08 15:59:18,961 - INFO -  * Detected change in 'C:\\Users\\Administrator\\AppData\\Roaming\\Cursor\\Local Storage\\leveldb\\trends_analyzer.py', reloading
2025-05-08 15:59:18,962 - INFO -  * Detected change in 'C:\\Users\\Administrator\\AppData\\Roaming\\Cursor\\Local Storage\\leveldb\\trends_analyzer.py', reloading
2025-05-08 15:59:21,979 - WARNING -  * Debugger is active!
2025-05-08 15:59:21,988 - INFO -  * Debugger PIN: 687-002-165
2025-05-08 15:59:22,076 - WARNING -  * Debugger is active!
2025-05-08 15:59:22,085 - INFO -  * Debugger PIN: 687-002-165
2025-05-08 15:59:22,094 - WARNING -  * Debugger is active!
2025-05-08 15:59:22,098 - WARNING -  * Debugger is active!
2025-05-08 15:59:22,103 - INFO -  * Debugger PIN: 687-002-165
2025-05-08 15:59:22,106 - INFO -  * Debugger PIN: 687-002-165
2025-05-08 15:59:22,142 - WARNING -  * Debugger is active!
2025-05-08 15:59:22,153 - INFO -  * Debugger PIN: 687-002-165
2025-05-08 15:59:22,250 - WARNING -  * Debugger is active!
2025-05-08 15:59:22,255 - INFO -  * Debugger PIN: 687-002-165
2025-05-08 15:59:22,409 - WARNING -  * Debugger is active!
2025-05-08 15:59:22,414 - INFO -  * Debugger PIN: 687-002-165
2025-05-08 16:00:51,936 - INFO -  * Detected change in 'C:\\Users\\Administrator\\AppData\\Roaming\\Cursor\\Local Storage\\leveldb\\seasonal_predictor.py', reloading
2025-05-08 16:00:51,936 - INFO -  * Detected change in 'C:\\Users\\Administrator\\AppData\\Roaming\\Cursor\\Local Storage\\leveldb\\seasonal_predictor.py', reloading
2025-05-08 16:00:51,937 - INFO -  * Detected change in 'C:\\Users\\Administrator\\AppData\\Roaming\\Cursor\\Local Storage\\leveldb\\seasonal_predictor.py', reloading
2025-05-08 16:00:51,937 - INFO -  * Detected change in 'C:\\Users\\Administrator\\AppData\\Roaming\\Cursor\\Local Storage\\leveldb\\seasonal_predictor.py', reloading
2025-05-08 16:00:51,938 - INFO -  * Detected change in 'C:\\Users\\Administrator\\AppData\\Roaming\\Cursor\\Local Storage\\leveldb\\seasonal_predictor.py', reloading
2025-05-08 16:00:51,938 - INFO -  * Detected change in 'C:\\Users\\Administrator\\AppData\\Roaming\\Cursor\\Local Storage\\leveldb\\seasonal_predictor.py', reloading
2025-05-08 16:00:51,938 - INFO -  * Detected change in 'C:\\Users\\Administrator\\AppData\\Roaming\\Cursor\\Local Storage\\leveldb\\seasonal_predictor.py', reloading
2025-05-08 16:00:51,939 - INFO -  * Detected change in 'C:\\Users\\Administrator\\AppData\\Roaming\\Cursor\\Local Storage\\leveldb\\seasonal_predictor.py', reloading
2025-05-08 16:00:51,939 - INFO -  * Detected change in 'C:\\Users\\Administrator\\AppData\\Roaming\\Cursor\\Local Storage\\leveldb\\seasonal_predictor.py', reloading
2025-05-08 16:00:51,940 - INFO -  * Detected change in 'C:\\Users\\Administrator\\AppData\\Roaming\\Cursor\\Local Storage\\leveldb\\seasonal_predictor.py', reloading
2025-05-08 16:00:51,941 - INFO -  * Detected change in 'C:\\Users\\Administrator\\AppData\\Roaming\\Cursor\\Local Storage\\leveldb\\seasonal_predictor.py', reloading
2025-05-08 16:00:51,941 - INFO -  * Detected change in 'C:\\Users\\Administrator\\AppData\\Roaming\\Cursor\\Local Storage\\leveldb\\seasonal_predictor.py', reloading
2025-05-08 16:00:51,941 - INFO -  * Detected change in 'C:\\Users\\Administrator\\AppData\\Roaming\\Cursor\\Local Storage\\leveldb\\seasonal_predictor.py', reloading
2025-05-08 16:00:51,943 - INFO -  * Detected change in 'C:\\Users\\Administrator\\AppData\\Roaming\\Cursor\\Local Storage\\leveldb\\seasonal_predictor.py', reloading
2025-05-08 16:00:55,699 - WARNING -  * Debugger is active!
2025-05-08 16:00:55,702 - INFO -  * Debugger PIN: 687-002-165
2025-05-08 16:00:55,721 - WARNING -  * Debugger is active!
2025-05-08 16:00:55,725 - INFO -  * Debugger PIN: 687-002-165
2025-05-08 16:00:55,742 - WARNING -  * Debugger is active!
2025-05-08 16:00:55,752 - INFO -  * Debugger PIN: 687-002-165
2025-05-08 16:00:55,765 - WARNING -  * Debugger is active!
2025-05-08 16:00:55,777 - INFO -  * Debugger PIN: 687-002-165
2025-05-08 16:00:55,802 - WARNING -  * Debugger is active!
2025-05-08 16:00:55,824 - INFO -  * Debugger PIN: 687-002-165
2025-05-08 16:00:55,932 - WARNING -  * Debugger is active!
2025-05-08 16:00:55,941 - INFO -  * Debugger PIN: 687-002-165
2025-05-08 16:00:55,954 - WARNING -  * Debugger is active!
2025-05-08 16:00:55,960 - INFO -  * Debugger PIN: 687-002-165
2025-05-08 16:00:56,951 - INFO -  * Detected change in 'C:\\Users\\Administrator\\AppData\\Roaming\\Cursor\\Local Storage\\leveldb\\seasonal_predictor.py', reloading
2025-05-08 16:00:56,951 - INFO -  * Detected change in 'C:\\Users\\Administrator\\AppData\\Roaming\\Cursor\\Local Storage\\leveldb\\seasonal_predictor.py', reloading
2025-05-08 16:00:56,952 - INFO -  * Detected change in 'C:\\Users\\Administrator\\AppData\\Roaming\\Cursor\\Local Storage\\leveldb\\seasonal_predictor.py', reloading
2025-05-08 16:00:56,952 - INFO -  * Detected change in 'C:\\Users\\Administrator\\AppData\\Roaming\\Cursor\\Local Storage\\leveldb\\seasonal_predictor.py', reloading
2025-05-08 16:00:56,952 - INFO -  * Detected change in 'C:\\Users\\Administrator\\AppData\\Roaming\\Cursor\\Local Storage\\leveldb\\seasonal_predictor.py', reloading
2025-05-08 16:00:56,952 - INFO -  * Detected change in 'C:\\Users\\Administrator\\AppData\\Roaming\\Cursor\\Local Storage\\leveldb\\seasonal_predictor.py', reloading
2025-05-08 16:00:56,953 - INFO -  * Detected change in 'C:\\Users\\Administrator\\AppData\\Roaming\\Cursor\\Local Storage\\leveldb\\seasonal_predictor.py', reloading
2025-05-08 16:00:56,953 - INFO -  * Detected change in 'C:\\Users\\Administrator\\AppData\\Roaming\\Cursor\\Local Storage\\leveldb\\seasonal_predictor.py', reloading
2025-05-08 16:00:56,954 - INFO -  * Detected change in 'C:\\Users\\Administrator\\AppData\\Roaming\\Cursor\\Local Storage\\leveldb\\seasonal_predictor.py', reloading
2025-05-08 16:00:56,954 - INFO -  * Detected change in 'C:\\Users\\Administrator\\AppData\\Roaming\\Cursor\\Local Storage\\leveldb\\seasonal_predictor.py', reloading
2025-05-08 16:00:56,954 - INFO -  * Detected change in 'C:\\Users\\Administrator\\AppData\\Roaming\\Cursor\\Local Storage\\leveldb\\seasonal_predictor.py', reloading
2025-05-08 16:00:56,954 - INFO -  * Detected change in 'C:\\Users\\Administrator\\AppData\\Roaming\\Cursor\\Local Storage\\leveldb\\seasonal_predictor.py', reloading
2025-05-08 16:00:56,955 - INFO -  * Detected change in 'C:\\Users\\Administrator\\AppData\\Roaming\\Cursor\\Local Storage\\leveldb\\seasonal_predictor.py', reloading
2025-05-08 16:00:59,137 - WARNING -  * Debugger is active!
2025-05-08 16:00:59,147 - INFO -  * Debugger PIN: 687-002-165
2025-05-08 16:00:59,261 - WARNING -  * Debugger is active!
2025-05-08 16:00:59,271 - INFO -  * Debugger PIN: 687-002-165
2025-05-08 16:01:00,167 - WARNING -  * Debugger is active!
2025-05-08 16:01:00,172 - WARNING -  * Debugger is active!
2025-05-08 16:01:00,175 - INFO -  * Debugger PIN: 687-002-165
2025-05-08 16:01:00,179 - INFO -  * Debugger PIN: 687-002-165
2025-05-08 16:01:00,182 - WARNING -  * Debugger is active!
2025-05-08 16:01:00,191 - INFO -  * Debugger PIN: 687-002-165
2025-05-08 16:01:00,293 - WARNING -  * Debugger is active!
2025-05-08 16:01:00,301 - INFO -  * Debugger PIN: 687-002-165
2025-05-08 16:01:00,355 - WARNING -  * Debugger is active!
2025-05-08 16:01:00,360 - INFO -  * Debugger PIN: 687-002-165
2025-05-08 16:02:28,887 - INFO -  * Detected change in 'C:\\Users\\Administrator\\AppData\\Roaming\\Cursor\\Local Storage\\leveldb\\bsr_tracker.py', reloading
2025-05-08 16:02:28,887 - INFO -  * Detected change in 'C:\\Users\\Administrator\\AppData\\Roaming\\Cursor\\Local Storage\\leveldb\\bsr_tracker.py', reloading
2025-05-08 16:02:28,888 - INFO -  * Detected change in 'C:\\Users\\Administrator\\AppData\\Roaming\\Cursor\\Local Storage\\leveldb\\bsr_tracker.py', reloading
2025-05-08 16:02:28,890 - INFO -  * Detected change in 'C:\\Users\\Administrator\\AppData\\Roaming\\Cursor\\Local Storage\\leveldb\\bsr_tracker.py', reloading
2025-05-08 16:02:28,890 - INFO -  * Detected change in 'C:\\Users\\Administrator\\AppData\\Roaming\\Cursor\\Local Storage\\leveldb\\bsr_tracker.py', reloading
2025-05-08 16:02:28,890 - INFO -  * Detected change in 'C:\\Users\\Administrator\\AppData\\Roaming\\Cursor\\Local Storage\\leveldb\\bsr_tracker.py', reloading
2025-05-08 16:02:28,890 - INFO -  * Detected change in 'C:\\Users\\Administrator\\AppData\\Roaming\\Cursor\\Local Storage\\leveldb\\bsr_tracker.py', reloading
2025-05-08 16:02:28,890 - INFO -  * Detected change in 'C:\\Users\\Administrator\\AppData\\Roaming\\Cursor\\Local Storage\\leveldb\\bsr_tracker.py', reloading
2025-05-08 16:02:28,890 - INFO -  * Detected change in 'C:\\Users\\Administrator\\AppData\\Roaming\\Cursor\\Local Storage\\leveldb\\bsr_tracker.py', reloading
2025-05-08 16:02:28,891 - INFO -  * Detected change in 'C:\\Users\\Administrator\\AppData\\Roaming\\Cursor\\Local Storage\\leveldb\\bsr_tracker.py', reloading
2025-05-08 16:02:32,513 - WARNING -  * Debugger is active!
2025-05-08 16:02:32,524 - INFO -  * Debugger PIN: 687-002-165
2025-05-08 16:02:32,613 - WARNING -  * Debugger is active!
2025-05-08 16:02:32,623 - INFO -  * Debugger PIN: 687-002-165
2025-05-08 16:02:32,625 - WARNING -  * Debugger is active!
2025-05-08 16:02:32,629 - WARNING -  * Debugger is active!
2025-05-08 16:02:32,637 - INFO -  * Debugger PIN: 687-002-165
2025-05-08 16:02:32,639 - INFO -  * Debugger PIN: 687-002-165
2025-05-08 16:02:32,759 - WARNING -  * Debugger is active!
2025-05-08 16:02:32,770 - INFO -  * Debugger PIN: 687-002-165
2025-05-08 16:02:32,845 - WARNING -  * Debugger is active!
2025-05-08 16:02:32,853 - INFO -  * Debugger PIN: 687-002-165
2025-05-08 16:02:32,862 - WARNING -  * Debugger is active!
2025-05-08 16:02:32,869 - INFO -  * Debugger PIN: 687-002-165
2025-05-08 16:02:33,880 - INFO -  * Detected change in 'C:\\Users\\Administrator\\AppData\\Roaming\\Cursor\\Local Storage\\leveldb\\bsr_tracker.py', reloading
2025-05-08 16:02:33,880 - INFO -  * Detected change in 'C:\\Users\\Administrator\\AppData\\Roaming\\Cursor\\Local Storage\\leveldb\\bsr_tracker.py', reloading
2025-05-08 16:02:33,880 - INFO -  * Detected change in 'C:\\Users\\Administrator\\AppData\\Roaming\\Cursor\\Local Storage\\leveldb\\bsr_tracker.py', reloading
2025-05-08 16:02:33,881 - INFO -  * Detected change in 'C:\\Users\\Administrator\\AppData\\Roaming\\Cursor\\Local Storage\\leveldb\\bsr_tracker.py', reloading
2025-05-08 16:02:33,881 - INFO -  * Detected change in 'C:\\Users\\Administrator\\AppData\\Roaming\\Cursor\\Local Storage\\leveldb\\bsr_tracker.py', reloading
2025-05-08 16:02:33,881 - INFO -  * Detected change in 'C:\\Users\\Administrator\\AppData\\Roaming\\Cursor\\Local Storage\\leveldb\\bsr_tracker.py', reloading
2025-05-08 16:02:33,883 - INFO -  * Detected change in 'C:\\Users\\Administrator\\AppData\\Roaming\\Cursor\\Local Storage\\leveldb\\bsr_tracker.py', reloading
2025-05-08 16:02:33,888 - INFO -  * Detected change in 'C:\\Users\\Administrator\\AppData\\Roaming\\Cursor\\Local Storage\\leveldb\\bsr_tracker.py', reloading
2025-05-08 16:02:33,889 - INFO -  * Detected change in 'C:\\Users\\Administrator\\AppData\\Roaming\\Cursor\\Local Storage\\leveldb\\bsr_tracker.py', reloading
2025-05-08 16:02:33,889 - INFO -  * Detected change in 'C:\\Users\\Administrator\\AppData\\Roaming\\Cursor\\Local Storage\\leveldb\\bsr_tracker.py', reloading
2025-05-08 16:02:33,889 - INFO -  * Detected change in 'C:\\Users\\Administrator\\AppData\\Roaming\\Cursor\\Local Storage\\leveldb\\bsr_tracker.py', reloading
2025-05-08 16:02:33,890 - INFO -  * Detected change in 'C:\\Users\\Administrator\\AppData\\Roaming\\Cursor\\Local Storage\\leveldb\\bsr_tracker.py', reloading
2025-05-08 16:02:33,890 - INFO -  * Detected change in 'C:\\Users\\Administrator\\AppData\\Roaming\\Cursor\\Local Storage\\leveldb\\bsr_tracker.py', reloading
2025-05-08 16:02:33,890 - INFO -  * Detected change in 'C:\\Users\\Administrator\\AppData\\Roaming\\Cursor\\Local Storage\\leveldb\\bsr_tracker.py', reloading
2025-05-08 16:02:35,985 - WARNING -  * Debugger is active!
2025-05-08 16:02:35,995 - INFO -  * Debugger PIN: 687-002-165
2025-05-08 16:02:36,185 - WARNING -  * Debugger is active!
2025-05-08 16:02:36,193 - INFO -  * Debugger PIN: 687-002-165
2025-05-08 16:02:37,021 - WARNING -  * Debugger is active!
2025-05-08 16:02:37,024 - INFO -  * Debugger PIN: 687-002-165
2025-05-08 16:02:37,029 - WARNING -  * Debugger is active!
2025-05-08 16:02:37,040 - INFO -  * Debugger PIN: 687-002-165
2025-05-08 16:02:37,082 - WARNING -  * Debugger is active!
2025-05-08 16:02:37,089 - INFO -  * Debugger PIN: 687-002-165
2025-05-08 16:02:37,139 - WARNING -  * Debugger is active!
2025-05-08 16:02:37,144 - INFO -  * Debugger PIN: 687-002-165
2025-05-08 16:02:37,151 - WARNING -  * Debugger is active!
2025-05-08 16:02:37,156 - INFO -  * Debugger PIN: 687-002-165
2025-05-08 16:08:44,219 - INFO -  * Detected change in 'C:\\Users\\Administrator\\AppData\\Roaming\\Cursor\\Local Storage\\leveldb\\market_saturation.py', reloading
2025-05-08 16:08:44,219 - INFO -  * Detected change in 'C:\\Users\\Administrator\\AppData\\Roaming\\Cursor\\Local Storage\\leveldb\\market_saturation.py', reloading
2025-05-08 16:08:44,219 - INFO -  * Detected change in 'C:\\Users\\Administrator\\AppData\\Roaming\\Cursor\\Local Storage\\leveldb\\market_saturation.py', reloading
2025-05-08 16:08:44,219 - INFO -  * Detected change in 'C:\\Users\\Administrator\\AppData\\Roaming\\Cursor\\Local Storage\\leveldb\\market_saturation.py', reloading
2025-05-08 16:08:44,219 - INFO -  * Detected change in 'C:\\Users\\Administrator\\AppData\\Roaming\\Cursor\\Local Storage\\leveldb\\market_saturation.py', reloading
2025-05-08 16:08:44,220 - INFO -  * Detected change in 'C:\\Users\\Administrator\\AppData\\Roaming\\Cursor\\Local Storage\\leveldb\\market_saturation.py', reloading
2025-05-08 16:08:44,220 - INFO -  * Detected change in 'C:\\Users\\Administrator\\AppData\\Roaming\\Cursor\\Local Storage\\leveldb\\market_saturation.py', reloading
2025-05-08 16:08:44,220 - INFO -  * Detected change in 'C:\\Users\\Administrator\\AppData\\Roaming\\Cursor\\Local Storage\\leveldb\\market_saturation.py', reloading
2025-05-08 16:08:44,221 - INFO -  * Detected change in 'C:\\Users\\Administrator\\AppData\\Roaming\\Cursor\\Local Storage\\leveldb\\market_saturation.py', reloading
2025-05-08 16:08:44,222 - INFO -  * Detected change in 'C:\\Users\\Administrator\\AppData\\Roaming\\Cursor\\Local Storage\\leveldb\\market_saturation.py', reloading
2025-05-08 16:08:44,221 - INFO -  * Detected change in 'C:\\Users\\Administrator\\AppData\\Roaming\\Cursor\\Local Storage\\leveldb\\market_saturation.py', reloading
2025-05-08 16:08:44,222 - INFO -  * Detected change in 'C:\\Users\\Administrator\\AppData\\Roaming\\Cursor\\Local Storage\\leveldb\\market_saturation.py', reloading
2025-05-08 16:08:44,223 - INFO -  * Detected change in 'C:\\Users\\Administrator\\AppData\\Roaming\\Cursor\\Local Storage\\leveldb\\market_saturation.py', reloading
2025-05-08 16:08:44,223 - INFO -  * Detected change in 'C:\\Users\\Administrator\\AppData\\Roaming\\Cursor\\Local Storage\\leveldb\\market_saturation.py', reloading
2025-05-08 16:08:44,223 - INFO -  * Detected change in 'C:\\Users\\Administrator\\AppData\\Roaming\\Cursor\\Local Storage\\leveldb\\market_saturation.py', reloading
2025-05-08 16:08:47,205 - WARNING -  * Debugger is active!
2025-05-08 16:08:47,215 - INFO -  * Debugger PIN: 687-002-165
2025-05-08 16:08:47,224 - WARNING -  * Debugger is active!
2025-05-08 16:08:47,235 - INFO -  * Debugger PIN: 687-002-165
2025-05-08 16:08:47,361 - WARNING -  * Debugger is active!
2025-05-08 16:08:47,370 - INFO -  * Debugger PIN: 687-002-165
2025-05-08 16:08:48,148 - WARNING -  * Debugger is active!
2025-05-08 16:08:48,149 - WARNING -  * Debugger is active!
2025-05-08 16:08:48,156 - INFO -  * Debugger PIN: 687-002-165
2025-05-08 16:08:48,158 - INFO -  * Debugger PIN: 687-002-165
2025-05-08 16:08:48,166 - WARNING -  * Debugger is active!
2025-05-08 16:08:48,174 - INFO -  * Debugger PIN: 687-002-165
2025-05-08 16:08:48,190 - WARNING -  * Debugger is active!
2025-05-08 16:08:48,203 - INFO -  * Debugger PIN: 687-002-165
2025-05-08 16:08:48,954 - INFO -  * Detected change in 'C:\\Users\\Administrator\\AppData\\Roaming\\Cursor\\Local Storage\\leveldb\\market_saturation.py', reloading
2025-05-08 16:08:48,954 - INFO -  * Detected change in 'C:\\Users\\Administrator\\AppData\\Roaming\\Cursor\\Local Storage\\leveldb\\market_saturation.py', reloading
2025-05-08 16:08:48,954 - INFO -  * Detected change in 'C:\\Users\\Administrator\\AppData\\Roaming\\Cursor\\Local Storage\\leveldb\\market_saturation.py', reloading
2025-05-08 16:08:48,955 - INFO -  * Detected change in 'C:\\Users\\Administrator\\AppData\\Roaming\\Cursor\\Local Storage\\leveldb\\market_saturation.py', reloading
2025-05-08 16:08:48,955 - INFO -  * Detected change in 'C:\\Users\\Administrator\\AppData\\Roaming\\Cursor\\Local Storage\\leveldb\\market_saturation.py', reloading
2025-05-08 16:08:48,956 - INFO -  * Detected change in 'C:\\Users\\Administrator\\AppData\\Roaming\\Cursor\\Local Storage\\leveldb\\market_saturation.py', reloading
2025-05-08 16:08:48,957 - INFO -  * Detected change in 'C:\\Users\\Administrator\\AppData\\Roaming\\Cursor\\Local Storage\\leveldb\\market_saturation.py', reloading
2025-05-08 16:08:48,958 - INFO -  * Detected change in 'C:\\Users\\Administrator\\AppData\\Roaming\\Cursor\\Local Storage\\leveldb\\market_saturation.py', reloading
2025-05-08 16:08:48,958 - INFO -  * Detected change in 'C:\\Users\\Administrator\\AppData\\Roaming\\Cursor\\Local Storage\\leveldb\\market_saturation.py', reloading
2025-05-08 16:08:48,959 - INFO -  * Detected change in 'C:\\Users\\Administrator\\AppData\\Roaming\\Cursor\\Local Storage\\leveldb\\market_saturation.py', reloading
2025-05-08 16:08:48,959 - INFO -  * Detected change in 'C:\\Users\\Administrator\\AppData\\Roaming\\Cursor\\Local Storage\\leveldb\\market_saturation.py', reloading
2025-05-08 16:08:48,960 - INFO -  * Detected change in 'C:\\Users\\Administrator\\AppData\\Roaming\\Cursor\\Local Storage\\leveldb\\market_saturation.py', reloading
2025-05-08 16:08:52,514 - WARNING -  * Debugger is active!
2025-05-08 16:08:52,524 - INFO -  * Debugger PIN: 687-002-165
2025-05-08 16:08:52,570 - WARNING -  * Debugger is active!
2025-05-08 16:08:52,572 - WARNING -  * Debugger is active!
2025-05-08 16:08:52,573 - WARNING -  * Debugger is active!
2025-05-08 16:08:52,574 - WARNING -  * Debugger is active!
2025-05-08 16:08:52,579 - INFO -  * Debugger PIN: 687-002-165
2025-05-08 16:08:52,585 - INFO -  * Debugger PIN: 687-002-165
2025-05-08 16:08:52,586 - INFO -  * Debugger PIN: 687-002-165
2025-05-08 16:08:52,588 - INFO -  * Debugger PIN: 687-002-165
2025-05-08 16:08:52,688 - WARNING -  * Debugger is active!
2025-05-08 16:08:52,692 - WARNING -  * Debugger is active!
2025-05-08 16:08:52,695 - INFO -  * Debugger PIN: 687-002-165
2025-05-08 16:08:52,699 - INFO -  * Debugger PIN: 687-002-165
2025-05-08 16:17:36,003 - INFO -  * Detected change in 'C:\\Users\\Administrator\\AppData\\Roaming\\Cursor\\Local Storage\\leveldb\\app.py', reloading
2025-05-08 16:17:36,004 - INFO -  * Detected change in 'C:\\Users\\Administrator\\AppData\\Roaming\\Cursor\\Local Storage\\leveldb\\app.py', reloading
2025-05-08 16:17:36,005 - INFO -  * Detected change in 'C:\\Users\\Administrator\\AppData\\Roaming\\Cursor\\Local Storage\\leveldb\\app.py', reloading
2025-05-08 16:17:36,005 - INFO -  * Detected change in 'C:\\Users\\Administrator\\AppData\\Roaming\\Cursor\\Local Storage\\leveldb\\app.py', reloading
2025-05-08 16:17:36,005 - INFO -  * Detected change in 'C:\\Users\\Administrator\\AppData\\Roaming\\Cursor\\Local Storage\\leveldb\\app.py', reloading
2025-05-08 16:17:36,005 - INFO -  * Detected change in 'C:\\Users\\Administrator\\AppData\\Roaming\\Cursor\\Local Storage\\leveldb\\app.py', reloading
2025-05-08 16:17:36,005 - INFO -  * Detected change in 'C:\\Users\\Administrator\\AppData\\Roaming\\Cursor\\Local Storage\\leveldb\\app.py', reloading
2025-05-08 16:17:36,007 - INFO -  * Detected change in 'C:\\Users\\Administrator\\AppData\\Roaming\\Cursor\\Local Storage\\leveldb\\app.py', reloading
2025-05-08 16:17:36,007 - INFO -  * Detected change in 'C:\\Users\\Administrator\\AppData\\Roaming\\Cursor\\Local Storage\\leveldb\\app.py', reloading
2025-05-08 16:17:36,007 - INFO -  * Detected change in 'C:\\Users\\Administrator\\AppData\\Roaming\\Cursor\\Local Storage\\leveldb\\app.py', reloading
